#
# A fatal error has been detected by the Java Runtime Environment:
#
#  EXCEPTION_ACCESS_VIOLATION (0xc0000005) at pc=0x0000017babe27bc0, pid=13332, tid=8920
#
# JRE version: Java(TM) SE Runtime Environment (17.0.1+12) (build 17.0.1+12-LTS-39)
# Java VM: Java HotSpot(TM) 64-Bit Server VM (17.0.1+12-LTS-39, mixed mode, emulated-client, sharing, tiered, compressed oops, compressed class ptrs, g1 gc, windows-amd64)
# Problematic frame:
# j  sun.security.ssl.Authenticator$MacImpl.<init>(Lsun/security/ssl/Authenticator;)V+6 java.base@17.0.1
#
# No core dump will be written. Minidumps are not enabled by default on client versions of Windows
#
# If you would like to submit a bug report, please visit:
#   https://bugreport.java.com/bugreport/crash.jsp
#

---------------  S U M M A R Y ------------

Command Line: -XX:TieredStopAtLevel=1 --add-opens=java.base/java.lang=ALL-UNNAMED ch.zhaw.projectX.Main

Host: Intel(R) Core(TM) i5-1035G4 CPU @ 1.10GHz, 8 cores, 7G,  Windows 10 , 64 bit Build 19041 (10.0.19041.1348)
Time: Fri Jan  7 12:24:15 2022 Mitteleuropäische Zeit elapsed time: 14303.485734 seconds (0d 3h 58m 23s)

---------------  T H R E A D  ---------------

Current thread (0x0000017bb96dc070):  JavaThread "HikariPool-1 connection adder" daemon [_thread_in_Java, id=8920, stack(0x000000685b700000,0x000000685b800000)]

Stack: [0x000000685b700000,0x000000685b800000],  sp=0x000000685b7fe3f8,  free space=1016k
Native frames: (J=compiled Java code, j=interpreted, Vv=VM code, C=native code)
C  0x0000017babe27bc0


siginfo: EXCEPTION_ACCESS_VIOLATION (0xc0000005), reading address 0xffffffffffffffff


Register to memory mapping:

RIP=0x0000017babe27bc0 is at code_begin+288 in an Interpreter codelet
getstatic  178 getstatic  [0x0000017babe27aa0, 0x0000017babe27cc0]  544 bytes
RAX=0x0000000084400000 is an unknown value
RBX=0x0000000000000070 is an unknown value
RCX=0x0000017bba3c7af0 is pointing into metadata
RDX=0x0000000000000008 is an unknown value
RSP=0x000000685b7fe3f8 is pointing into the stack for thread: 0x0000017bb96dc070
RBP=0x000000685b7fe448 is pointing into the stack for thread: 0x0000017bb96dc070
RSI=0x0000000010200020 is an unknown value
RDI=0x0000000000000020 is an unknown value
R8 =0x0 is NULL
R9 =0x3031303030313233 is an unknown value
R10=0x00007ff86218ec20 jvm.dll
R11=0x0000017bac5d2dc0 is at entry_point+32 in (nmethod*)0x0000017bac5d2c10
R12=0x0 is NULL
R13=0x0000017bba3c767a is pointing into metadata
R14=0x000000685b7fe460 is pointing into the stack for thread: 0x0000017bb96dc070
R15=0x0000017bb96dc070 is a thread


Registers:
RAX=0x0000000084400000, RBX=0x0000000000000070, RCX=0x0000017bba3c7af0, RDX=0x0000000000000008
RSP=0x000000685b7fe3f8, RBP=0x000000685b7fe448, RSI=0x0000000010200020, RDI=0x0000000000000020
R8 =0x0000000000000000, R9 =0x3031303030313233, R10=0x00007ff86218ec20, R11=0x0000017bac5d2dc0
R12=0x0000000000000000, R13=0x0000017bba3c767a, R14=0x000000685b7fe460, R15=0x0000017bb96dc070
RIP=0x0000017babe27bc0, EFLAGS=0x0000000000010246

Top of Stack: (sp=0x000000685b7fe3f8)
0x000000685b7fe3f8:   0000000089302490 000000685b7fe400
0x000000685b7fe408:   0000017bba3c7676 000000685b7fe460
0x000000685b7fe418:   0000017bba3c7af0 0000000000000000
0x000000685b7fe428:   000000008720bc80 0000017bba3c76a0
0x000000685b7fe438:   0000000000000000 000000685b7fe458
0x000000685b7fe448:   000000685b7fe4c0 0000017babe193d6
0x000000685b7fe458:   0000000089302460 0000000089302490
0x000000685b7fe468:   0000000089302490 0000000089302460
0x000000685b7fe478:   000000685b7fe478 0000017bba3c642a
0x000000685b7fe488:   000000685b7fe4d0 0000017bba3c6da0
0x000000685b7fe498:   0000000000000000 000000008720bc10
0x000000685b7fe4a8:   0000017bba3c6448 000000685b7fe458
0x000000685b7fe4b8:   000000685b7fe4d0 000000685b7fe528
0x000000685b7fe4c8:   0000017babe193d6 0000000089302460
0x000000685b7fe4d8:   0000000089302460 000000685b7fe4e0
0x000000685b7fe4e8:   0000017bba3c53a4 000000685b7fe530 

Instructions: (pc=0x0000017babe27bc0)
0x0000017babe27ac0:   48 89 04 24 48 c7 44 24 08 00 00 00 00 e9 01 00
0x0000017babe27ad0:   00 00 50 41 0f b7 55 01 48 8b 4d d0 c1 e2 02 8b
0x0000017babe27ae0:   5c d1 20 c1 eb 10 81 e3 ff 00 00 00 81 fb b2 00
0x0000017babe27af0:   00 00 0f 84 b6 00 00 00 bb b2 00 00 00 e8 05 00
0x0000017babe27b00:   00 00 e9 9b 00 00 00 48 8b d3 48 8d 44 24 08 4c
0x0000017babe27b10:   89 6d c0 49 8b cf c5 f8 77 49 89 af 98 02 00 00
0x0000017babe27b20:   49 89 87 88 02 00 00 48 83 ec 20 f7 c4 0f 00 00
0x0000017babe27b30:   00 0f 84 1a 00 00 00 48 83 ec 08 49 ba 10 e6 9f
0x0000017babe27b40:   61 f8 7f 00 00 41 ff d2 48 83 c4 08 e9 0d 00 00
0x0000017babe27b50:   00 49 ba 10 e6 9f 61 f8 7f 00 00 41 ff d2 48 83
0x0000017babe27b60:   c4 20 49 c7 87 88 02 00 00 00 00 00 00 49 c7 87
0x0000017babe27b70:   98 02 00 00 00 00 00 00 49 c7 87 90 02 00 00 00
0x0000017babe27b80:   00 00 00 c5 f8 77 49 81 7f 08 00 00 00 00 0f 84
0x0000017babe27b90:   05 00 00 00 e9 67 93 fe ff 4c 8b 6d c0 4c 8b 75
0x0000017babe27ba0:   c8 c3 41 0f b7 55 01 48 8b 4d d0 c1 e2 02 48 8b
0x0000017babe27bb0:   5c d1 30 8b 44 d1 38 4c 8b 4c d1 28 4d 8b 49 70
0x0000017babe27bc0:   4d 8b 09 c1 e8 1c 83 e0 0f 0f 85 0b 00 00 00 41
0x0000017babe27bd0:   0f be 04 19 50 e9 b1 00 00 00 83 f8 01 0f 85 0b
0x0000017babe27be0:   00 00 00 41 0f b6 04 19 50 e9 9d 00 00 00 83 f8
0x0000017babe27bf0:   08 0f 85 0a 00 00 00 41 8b 04 19 50 e9 8a 00 00
0x0000017babe27c00:   00 83 f8 04 0f 85 0a 00 00 00 41 8b 04 19 50 e9
0x0000017babe27c10:   77 00 00 00 83 f8 02 0f 85 0b 00 00 00 41 0f b7
0x0000017babe27c20:   04 19 50 e9 63 00 00 00 83 f8 03 0f 85 0b 00 00
0x0000017babe27c30:   00 41 0f bf 04 19 50 e9 4f 00 00 00 83 f8 05 0f
0x0000017babe27c40:   85 1a 00 00 00 49 8b 04 19 48 83 ec 10 48 89 04
0x0000017babe27c50:   24 48 c7 44 24 08 00 00 00 00 e9 2c 00 00 00 83
0x0000017babe27c60:   f8 06 0f 85 14 00 00 00 c4 c1 7a 10 04 19 48 83
0x0000017babe27c70:   ec 08 c5 fa 11 04 24 e9 0f 00 00 00 c4 c1 7b 10
0x0000017babe27c80:   04 19 48 83 ec 10 c5 fb 11 04 24 41 0f b6 5d 03
0x0000017babe27c90:   49 83 c5 03 49 ba 20 f4 18 62 f8 7f 00 00 41 ff
0x0000017babe27ca0:   24 da 66 0f 1f 44 00 00 00 00 00 00 00 00 00 00
0x0000017babe27cb0:   00 00 00 00 00 00 00 00 00 00 00 00 00 00 00 00 


Stack slot to memory mapping:
stack at sp + 0 slots: 0x0000000089302490 is an oop: sun.security.ssl.Authenticator$MacImpl 
{0x0000000089302490} - klass: 'sun/security/ssl/Authenticator$MacImpl'
 - ---- fields (total size 3 words):
 - private final 'macAlg' 'Lsun/security/ssl/CipherSuite$MacAlg;' @12  NULL (0)
 - private final 'mac' 'Ljavax/crypto/Mac;' @16  NULL (0)
 - final synthetic 'this$0' 'Lsun/security/ssl/Authenticator;' @20  a 'sun/security/ssl/Authenticator$SSLNullMac'{0x0000000089302460} (89302460)
stack at sp + 1 slots: 0x000000685b7fe400 is pointing into the stack for thread: 0x0000017bb96dc070
stack at sp + 2 slots: 0x0000017bba3c7676 is pointing into metadata
stack at sp + 3 slots: 0x000000685b7fe460 is pointing into the stack for thread: 0x0000017bb96dc070
stack at sp + 4 slots: 0x0000017bba3c7af0 is pointing into metadata
stack at sp + 5 slots: 0x0 is NULL
stack at sp + 6 slots: 0x000000008720bc80 is an oop: java.lang.Class 
{0x000000008720bc80} - klass: 'java/lang/Class'
 - ---- fields (total size 14 words):
 - private volatile transient 'classRedefinedCount' 'I' @12  0
 - private volatile transient 'cachedConstructor' 'Ljava/lang/reflect/Constructor;' @40  NULL (0)
 - private transient 'name' 'Ljava/lang/String;' @44  NULL (0)
 - private transient 'module' 'Ljava/lang/Module;' @48  a 'java/lang/Module'{0x0000000086992390} (86992390)
 - private final 'classLoader' 'Ljava/lang/ClassLoader;' @52  NULL (0)
 - private transient 'classData' 'Ljava/lang/Object;' @56  NULL (0)
 - private transient 'packageName' 'Ljava/lang/String;' @60  NULL (0)
 - private final 'componentType' 'Ljava/lang/Class;' @64  NULL (0)
 - private volatile transient 'reflectionData' 'Ljava/lang/ref/SoftReference;' @68  NULL (0)
 - private volatile transient 'genericInfo' 'Lsun/reflect/generics/repository/ClassRepository;' @72  NULL (0)
 - private volatile transient 'enumConstants' '[Ljava/lang/Object;' @76  NULL (0)
 - private volatile transient 'enumConstantDirectory' 'Ljava/util/Map;' @80  NULL (0)
 - private volatile transient 'annotationData' 'Ljava/lang/Class$AnnotationData;' @84  NULL (0)
 - private volatile transient 'annotationType' 'Lsun/reflect/annotation/AnnotationType;' @88  NULL (0)
 - transient 'classValueMap' 'Ljava/lang/ClassValue$ClassValueMap;' @92  NULL (0)
 - signature: Lsun/security/ssl/Authenticator$MacImpl;
 - fake entry for mirror: 'sun/security/ssl/Authenticator$MacImpl'
 - fake entry for array: NULL
 - fake entry for oop_size: 14
 - fake entry for static_oop_field_count: 0
stack at sp + 7 slots: {method} {0x0000017bba3c76a8} '<init>' '(Lsun/security/ssl/Authenticator;)V' in 'sun/security/ssl/Authenticator$MacImpl'

getstatic  178 getstatic  [0x0000017babe27aa0, 0x0000017babe27cc0]  544 bytes
[MachCode]
  0x0000017babe27aa0: 4883 ec08 | c5fa 1104 | 24e9 2500 | 0000 4883 | ec10 c5fb | 1104 24e9 | 1700 0000 | 4883 ec10 
  0x0000017babe27ac0: 4889 0424 | 48c7 4424 | 0800 0000 | 00e9 0100 | 0000 5041 | 0fb7 5501 | 488b 4dd0 | c1e2 028b 
  0x0000017babe27ae0: 5cd1 20c1 | eb10 81e3 | ff00 0000 | 81fb b200 | 0000 0f84 | b600 0000 | bbb2 0000 | 00e8 0500 
  0x0000017babe27b00: 0000 e99b | 0000 0048 | 8bd3 488d | 4424 084c | 896d c049 | 8bcf c5f8 | 7749 89af | 9802 0000 
  0x0000017babe27b20: 4989 8788 | 0200 0048 | 83ec 20f7 | c40f 0000 | 000f 841a | 0000 0048 | 83ec 0849 | ba10 e69f 
  0x0000017babe27b40: 61f8 7f00 | 0041 ffd2 | 4883 c408 | e90d 0000 | 0049 ba10 | e69f 61f8 | 7f00 0041 | ffd2 4883 
  0x0000017babe27b60: c420 49c7 | 8788 0200 | 0000 0000 | 0049 c787 | 9802 0000 | 0000 0000 | 49c7 8790 | 0200 0000 
  0x0000017babe27b80: 0000 00c5 | f877 4981 | 7f08 0000 | 0000 0f84 | 0500 0000 | e967 93fe | ff4c 8b6d | c04c 8b75 
  0x0000017babe27ba0: c8c3 410f | b755 0148 | 8b4d d0c1 | e202 488b | 5cd1 308b | 44d1 384c | 8b4c d128 | 4d8b 4970 
  0x0000017babe27bc0: 4d8b 09c1 | e81c 83e0 | 0f0f 850b | 0000 0041 | 0fbe 0419 | 50e9 b100 | 0000 83f8 | 010f 850b 
  0x0000017babe27be0: 0000 0041 | 0fb6 0419 | 50e9 9d00 | 0000 83f8 | 080f 850a | 0000 0041 | 8b04 1950 | e98a 0000 
  0x0000017babe27c00: 0083 f804 | 0f85 0a00 | 0000 418b | 0419 50e9 | 7700 0000 | 83f8 020f | 850b 0000 | 0041 0fb7 
  0x0000017babe27c20: 0419 50e9 | 6300 0000 | 83f8 030f | 850b 0000 | 0041 0fbf | 0419 50e9 | 4f00 0000 | 83f8 050f 
  0x0000017babe27c40: 851a 0000 | 0049 8b04 | 1948 83ec | 1048 8904 | 2448 c744 | 2408 0000 | 0000 e92c | 0000 0083 
  0x0000017babe27c60: f806 0f85 | 1400 0000 | c4c1 7a10 | 0419 4883 | ec08 c5fa | 1104 24e9 | 0f00 0000 | c4c1 7b10 
  0x0000017babe27c80: 0419 4883 | ec10 c5fb | 1104 2441 | 0fb6 5d03 | 4983 c503 | 49ba 20f4 | 1862 f87f | 0000 41ff 
  0x0000017babe27ca0: 24da 660f | 1f44 0000 | 0000 0000 | 0000 0000 | 0000 0000 | 0000 0000 | 0000 0000 | 0000 0000 
[/MachCode]

---------------  P R O C E S S  ---------------

Threads class SMR info:
_java_thread_list=0x0000017bb929cf30, length=20, elements={
0x0000017bb612c060, 0x0000017bb612cc10, 0x0000017bb61404f0, 0x0000017bb6140ea0,
0x0000017bb6143860, 0x0000017bb6144210, 0x0000017bb6144c70, 0x0000017bb6145660,
0x0000017bb6cd13d0, 0x0000017bb6cd1cb0, 0x0000017bb8b75020, 0x0000017bb8b78050,
0x0000017bb8be9440, 0x0000017bb899d040, 0x0000017bb8ebc1f0, 0x0000017bb9714d30,
0x0000017bb96876a0, 0x0000017bb96ddd50, 0x0000017bb96df090, 0x0000017bb96dc070
}

Java Threads: ( => current thread )
  0x0000017bb612c060 JavaThread "Reference Handler" daemon [_thread_blocked, id=22408, stack(0x000000685c000000,0x000000685c100000)]
  0x0000017bb612cc10 JavaThread "Finalizer" daemon [_thread_blocked, id=12296, stack(0x000000685c100000,0x000000685c200000)]
  0x0000017bb61404f0 JavaThread "Signal Dispatcher" daemon [_thread_blocked, id=8176, stack(0x000000685c200000,0x000000685c300000)]
  0x0000017bb6140ea0 JavaThread "Attach Listener" daemon [_thread_blocked, id=15256, stack(0x000000685c300000,0x000000685c400000)]
  0x0000017bb6143860 JavaThread "Service Thread" daemon [_thread_blocked, id=7828, stack(0x000000685c400000,0x000000685c500000)]
  0x0000017bb6144210 JavaThread "Monitor Deflation Thread" daemon [_thread_blocked, id=17760, stack(0x000000685c500000,0x000000685c600000)]
  0x0000017bb6144c70 JavaThread "C1 CompilerThread0" daemon [_thread_blocked, id=19140, stack(0x000000685c600000,0x000000685c700000)]
  0x0000017bb6145660 JavaThread "Sweeper thread" daemon [_thread_blocked, id=9176, stack(0x000000685c700000,0x000000685c800000)]
  0x0000017bb6cd13d0 JavaThread "Common-Cleaner" daemon [_thread_blocked, id=19204, stack(0x000000685c900000,0x000000685ca00000)]
  0x0000017bb6cd1cb0 JavaThread "Notification Thread" daemon [_thread_blocked, id=20436, stack(0x000000685ca00000,0x000000685cb00000)]
  0x0000017bb8b75020 JavaThread "Catalina-utility-1" [_thread_blocked, id=11820, stack(0x000000685d600000,0x000000685d700000)]
  0x0000017bb8b78050 JavaThread "Catalina-utility-2" [_thread_blocked, id=15068, stack(0x000000685d700000,0x000000685d800000)]
  0x0000017bb8be9440 JavaThread "container-0" [_thread_blocked, id=21144, stack(0x000000685d800000,0x000000685d900000)]
  0x0000017bb899d040 JavaThread "mysql-cj-abandoned-connection-cleanup" daemon [_thread_blocked, id=21772, stack(0x000000685d900000,0x000000685da00000)]
  0x0000017bb8ebc1f0 JavaThread "HikariPool-1 housekeeper" daemon [_thread_blocked, id=14788, stack(0x000000685db00000,0x000000685dc00000)]
  0x0000017bb9714d30 JavaThread "http-nio-8080-Poller" daemon [_thread_in_native, id=14008, stack(0x000000685de00000,0x000000685df00000)]
  0x0000017bb96876a0 JavaThread "http-nio-8080-Acceptor" daemon [_thread_in_native, id=19972, stack(0x000000685df00000,0x000000685e000000)]
  0x0000017bb96ddd50 JavaThread "DestroyJavaVM" [_thread_blocked, id=16680, stack(0x000000685b900000,0x000000685ba00000)]
  0x0000017bb96df090 JavaThread "HikariPool-1 connection closer" daemon [_thread_blocked, id=8336, stack(0x000000685b600000,0x000000685b700000)]
=>0x0000017bb96dc070 JavaThread "HikariPool-1 connection adder" daemon [_thread_in_Java, id=8920, stack(0x000000685b700000,0x000000685b800000)]

Other Threads:
  0x0000017bb6126d00 VMThread "VM Thread" [stack: 0x000000685bf00000,0x000000685c000000] [id=22336]
  0x0000017ba4659b20 WatcherThread [stack: 0x000000685cb00000,0x000000685cc00000] [id=21752]
  0x0000017ba4640b90 GCTaskThread "GC Thread#0" [stack: 0x000000685ba00000,0x000000685bb00000] [id=14772]
  0x0000017bb7386dd0 GCTaskThread "GC Thread#1" [stack: 0x000000685ce00000,0x000000685cf00000] [id=12120]
  0x0000017bb73d4c00 GCTaskThread "GC Thread#2" [stack: 0x000000685cf00000,0x000000685d000000] [id=12908]
  0x0000017bb73d4eb0 GCTaskThread "GC Thread#3" [stack: 0x000000685d000000,0x000000685d100000] [id=17224]
  0x0000017bb73d5160 GCTaskThread "GC Thread#4" [stack: 0x000000685d100000,0x000000685d200000] [id=1088]
  0x0000017bb73d5410 GCTaskThread "GC Thread#5" [stack: 0x000000685d200000,0x000000685d300000] [id=12792]
  0x0000017bb73d56c0 GCTaskThread "GC Thread#6" [stack: 0x000000685d300000,0x000000685d400000] [id=13780]
  0x0000017bb766af30 GCTaskThread "GC Thread#7" [stack: 0x000000685d500000,0x000000685d600000] [id=12712]
  0x0000017ba4650e10 ConcurrentGCThread "G1 Main Marker" [stack: 0x000000685bb00000,0x000000685bc00000] [id=17016]
  0x0000017ba4651820 ConcurrentGCThread "G1 Conc#0" [stack: 0x000000685bc00000,0x000000685bd00000] [id=20332]
  0x0000017bb8ad0330 ConcurrentGCThread "G1 Conc#1" [stack: 0x000000685d400000,0x000000685d500000] [id=12920]
  0x0000017ba46d1040 ConcurrentGCThread "G1 Refine#0" [stack: 0x000000685bd00000,0x000000685be00000] [id=9628]
  0x0000017bb961f720 ConcurrentGCThread "G1 Refine#1" [stack: 0x000000685dd00000,0x000000685de00000] [id=15464]
  0x0000017ba46d1a60 ConcurrentGCThread "G1 Service" [stack: 0x000000685be00000,0x000000685bf00000] [id=15280]

Threads with active compile tasks:

VM state: not at safepoint (normal execution)

VM Mutex/Monitor currently owned by a thread: None

Heap address: 0x0000000086600000, size: 1946 MB, Compressed Oops mode: 32-bit

CDS archive(s) mapped at: [0x0000000800000000-0x0000000800bc0000-0x0000000800bc0000), size 12320768, SharedBaseAddress: 0x0000000800000000, ArchiveRelocationMode: 0.
Compressed class space mapped at: 0x0000000800c00000-0x0000000840c00000, reserved size: 1073741824
Narrow klass base: 0x0000000800000000, Narrow klass shift: 0, Narrow klass range: 0x100000000

GC Precious Log:
 CPUs: 8 total, 8 available
 Memory: 7778M
 Large Page Support: Disabled
 NUMA Support: Disabled
 Compressed Oops: Enabled (32-bit)
 Heap Region Size: 1M
 Heap Min Capacity: 8M
 Heap Initial Capacity: 122M
 Heap Max Capacity: 1946M
 Pre-touch: Disabled
 Parallel Workers: 8
 Concurrent Workers: 2
 Concurrent Refinement Workers: 8
 Periodic GC: Disabled

Heap:
 garbage-first heap   total 65536K, used 43480K [0x0000000086600000, 0x0000000100000000)
  region size 1024K, 21 young (21504K), 2 survivors (2048K)
 Metaspace       used 50255K, committed 50624K, reserved 1097728K
  class space    used 7106K, committed 7296K, reserved 1048576K

Heap Regions: E=young(eden), S=young(survivor), O=old, HS=humongous(starts), HC=humongous(continues), CS=collection set, F=free, OA=open archive, CA=closed archive, TAMS=top-at-mark-start (previous, next)
|   0|0x0000000086600000, 0x0000000086700000, 0x0000000086700000|100%|HS|  |TAMS 0x0000000086700000, 0x0000000086600000| Complete 
|   1|0x0000000086700000, 0x0000000086800000, 0x0000000086800000|100%| O|  |TAMS 0x0000000086800000, 0x0000000086700000| Untracked 
|   2|0x0000000086800000, 0x0000000086900000, 0x0000000086900000|100%| O|  |TAMS 0x0000000086900000, 0x0000000086800000| Untracked 
|   3|0x0000000086900000, 0x0000000086a00000, 0x0000000086a00000|100%| O|  |TAMS 0x0000000086a00000, 0x0000000086900000| Untracked 
|   4|0x0000000086a00000, 0x0000000086b00000, 0x0000000086b00000|100%| O|  |TAMS 0x0000000086b00000, 0x0000000086a00000| Untracked 
|   5|0x0000000086b00000, 0x0000000086c00000, 0x0000000086c00000|100%| O|  |TAMS 0x0000000086c00000, 0x0000000086b00000| Untracked 
|   6|0x0000000086c00000, 0x0000000086d00000, 0x0000000086d00000|100%| O|  |TAMS 0x0000000086c00000, 0x0000000086c00000| Untracked 
|   7|0x0000000086d00000, 0x0000000086e00000, 0x0000000086e00000|100%| O|  |TAMS 0x0000000086e00000, 0x0000000086d00000| Untracked 
|   8|0x0000000086e00000, 0x0000000086f00000, 0x0000000086f00000|100%| O|  |TAMS 0x0000000086f00000, 0x0000000086e00000| Untracked 
|   9|0x0000000086f00000, 0x0000000087000000, 0x0000000087000000|100%| O|  |TAMS 0x0000000087000000, 0x0000000086f00000| Untracked 
|  10|0x0000000087000000, 0x0000000087100000, 0x0000000087100000|100%| O|  |TAMS 0x0000000087000000, 0x0000000087000000| Untracked 
|  11|0x0000000087100000, 0x0000000087200000, 0x0000000087200000|100%| O|  |TAMS 0x0000000087100000, 0x0000000087100000| Untracked 
|  12|0x0000000087200000, 0x0000000087300000, 0x0000000087300000|100%| O|  |TAMS 0x0000000087200000, 0x0000000087200000| Untracked 
|  13|0x0000000087300000, 0x0000000087400000, 0x0000000087400000|100%| O|  |TAMS 0x0000000087300000, 0x0000000087300000| Untracked 
|  14|0x0000000087400000, 0x0000000087500000, 0x0000000087500000|100%| O|  |TAMS 0x0000000087400000, 0x0000000087400000| Untracked 
|  15|0x0000000087500000, 0x0000000087600000, 0x0000000087600000|100%| O|  |TAMS 0x0000000087500000, 0x0000000087500000| Untracked 
|  16|0x0000000087600000, 0x0000000087700000, 0x0000000087700000|100%| O|  |TAMS 0x0000000087700000, 0x0000000087600000| Untracked 
|  17|0x0000000087700000, 0x0000000087800000, 0x0000000087800000|100%| O|  |TAMS 0x0000000087800000, 0x0000000087700000| Untracked 
|  18|0x0000000087800000, 0x0000000087900000, 0x0000000087900000|100%| O|  |TAMS 0x0000000087900000, 0x0000000087800000| Untracked 
|  19|0x0000000087900000, 0x0000000087a00000, 0x0000000087a00000|100%| O|  |TAMS 0x0000000087a00000, 0x0000000087900000| Untracked 
|  20|0x0000000087a00000, 0x0000000087b00000, 0x0000000087b00000|100%| O|  |TAMS 0x0000000087a00000, 0x0000000087a00000| Untracked 
|  21|0x0000000087b00000, 0x0000000087c00000, 0x0000000087c00000|100%| O|  |TAMS 0x0000000087b00000, 0x0000000087b00000| Untracked 
|  22|0x0000000087c00000, 0x0000000087cdd600, 0x0000000087d00000| 86%| O|  |TAMS 0x0000000087c00000, 0x0000000087c00000| Untracked 
|  23|0x0000000087d00000, 0x0000000087d00000, 0x0000000087e00000|  0%| F|  |TAMS 0x0000000087d00000, 0x0000000087d00000| Untracked 
|  24|0x0000000087e00000, 0x0000000087e00000, 0x0000000087f00000|  0%| F|  |TAMS 0x0000000087e00000, 0x0000000087e00000| Untracked 
|  25|0x0000000087f00000, 0x0000000087f00000, 0x0000000088000000|  0%| F|  |TAMS 0x0000000087f00000, 0x0000000087f00000| Untracked 
|  26|0x0000000088000000, 0x0000000088000000, 0x0000000088100000|  0%| F|  |TAMS 0x0000000088000000, 0x0000000088000000| Untracked 
|  27|0x0000000088100000, 0x0000000088100000, 0x0000000088200000|  0%| F|  |TAMS 0x0000000088100000, 0x0000000088100000| Untracked 
|  28|0x0000000088200000, 0x0000000088200000, 0x0000000088300000|  0%| F|  |TAMS 0x0000000088200000, 0x0000000088200000| Untracked 
|  29|0x0000000088300000, 0x0000000088300000, 0x0000000088400000|  0%| F|  |TAMS 0x0000000088300000, 0x0000000088300000| Untracked 
|  30|0x0000000088400000, 0x0000000088400000, 0x0000000088500000|  0%| F|  |TAMS 0x0000000088400000, 0x0000000088400000| Untracked 
|  31|0x0000000088500000, 0x0000000088500000, 0x0000000088600000|  0%| F|  |TAMS 0x0000000088500000, 0x0000000088500000| Untracked 
|  32|0x0000000088600000, 0x0000000088698ac0, 0x0000000088700000| 59%| S|CS|TAMS 0x0000000088600000, 0x0000000088600000| Complete 
|  33|0x0000000088700000, 0x0000000088800000, 0x0000000088800000|100%| S|CS|TAMS 0x0000000088700000, 0x0000000088700000| Complete 
|  34|0x0000000088800000, 0x0000000088800000, 0x0000000088900000|  0%| F|  |TAMS 0x0000000088800000, 0x0000000088800000| Untracked 
|  35|0x0000000088900000, 0x0000000088900000, 0x0000000088a00000|  0%| F|  |TAMS 0x0000000088900000, 0x0000000088900000| Untracked 
|  36|0x0000000088a00000, 0x0000000088a00000, 0x0000000088b00000|  0%| F|  |TAMS 0x0000000088a00000, 0x0000000088a00000| Untracked 
|  37|0x0000000088b00000, 0x0000000088b00000, 0x0000000088c00000|  0%| F|  |TAMS 0x0000000088b00000, 0x0000000088b00000| Untracked 
|  38|0x0000000088c00000, 0x0000000088c00000, 0x0000000088d00000|  0%| F|  |TAMS 0x0000000088c00000, 0x0000000088c00000| Untracked 
|  39|0x0000000088d00000, 0x0000000088d00000, 0x0000000088e00000|  0%| F|  |TAMS 0x0000000088d00000, 0x0000000088d00000| Untracked 
|  40|0x0000000088e00000, 0x0000000088e00000, 0x0000000088f00000|  0%| F|  |TAMS 0x0000000088e00000, 0x0000000088e00000| Untracked 
|  41|0x0000000088f00000, 0x0000000088f00000, 0x0000000089000000|  0%| F|  |TAMS 0x0000000088f00000, 0x0000000088f00000| Untracked 
|  42|0x0000000089000000, 0x0000000089000000, 0x0000000089100000|  0%| F|  |TAMS 0x0000000089000000, 0x0000000089000000| Untracked 
|  43|0x0000000089100000, 0x0000000089100000, 0x0000000089200000|  0%| F|  |TAMS 0x0000000089100000, 0x0000000089100000| Untracked 
|  44|0x0000000089200000, 0x0000000089200000, 0x0000000089300000|  0%| F|  |TAMS 0x0000000089200000, 0x0000000089200000| Untracked 
|  45|0x0000000089300000, 0x0000000089312700, 0x0000000089400000|  7%| E|  |TAMS 0x0000000089300000, 0x0000000089300000| Complete 
|  46|0x0000000089400000, 0x0000000089500000, 0x0000000089500000|100%| E|CS|TAMS 0x0000000089400000, 0x0000000089400000| Complete 
|  47|0x0000000089500000, 0x0000000089600000, 0x0000000089600000|100%| E|CS|TAMS 0x0000000089500000, 0x0000000089500000| Complete 
|  48|0x0000000089600000, 0x0000000089700000, 0x0000000089700000|100%| E|CS|TAMS 0x0000000089600000, 0x0000000089600000| Complete 
|  49|0x0000000089700000, 0x0000000089800000, 0x0000000089800000|100%| E|CS|TAMS 0x0000000089700000, 0x0000000089700000| Complete 
|  50|0x0000000089800000, 0x0000000089900000, 0x0000000089900000|100%| E|CS|TAMS 0x0000000089800000, 0x0000000089800000| Complete 
|  51|0x0000000089900000, 0x0000000089a00000, 0x0000000089a00000|100%| E|CS|TAMS 0x0000000089900000, 0x0000000089900000| Complete 
|  52|0x0000000089a00000, 0x0000000089b00000, 0x0000000089b00000|100%| E|CS|TAMS 0x0000000089a00000, 0x0000000089a00000| Complete 
|  53|0x0000000089b00000, 0x0000000089c00000, 0x0000000089c00000|100%| E|CS|TAMS 0x0000000089b00000, 0x0000000089b00000| Complete 
|  54|0x0000000089c00000, 0x0000000089d00000, 0x0000000089d00000|100%| E|CS|TAMS 0x0000000089c00000, 0x0000000089c00000| Complete 
|  55|0x0000000089d00000, 0x0000000089e00000, 0x0000000089e00000|100%| E|CS|TAMS 0x0000000089d00000, 0x0000000089d00000| Complete 
|  89|0x000000008bf00000, 0x000000008c000000, 0x000000008c000000|100%| E|CS|TAMS 0x000000008bf00000, 0x000000008bf00000| Complete 
|  90|0x000000008c000000, 0x000000008c100000, 0x000000008c100000|100%| E|CS|TAMS 0x000000008c000000, 0x000000008c000000| Complete 
|  91|0x000000008c100000, 0x000000008c200000, 0x000000008c200000|100%| E|CS|TAMS 0x000000008c100000, 0x000000008c100000| Complete 
|  92|0x000000008c200000, 0x000000008c300000, 0x000000008c300000|100%| E|CS|TAMS 0x000000008c200000, 0x000000008c200000| Complete 
|  93|0x000000008c300000, 0x000000008c400000, 0x000000008c400000|100%| E|CS|TAMS 0x000000008c300000, 0x000000008c300000| Complete 
|  94|0x000000008c400000, 0x000000008c500000, 0x000000008c500000|100%| E|CS|TAMS 0x000000008c400000, 0x000000008c400000| Complete 
|  95|0x000000008c500000, 0x000000008c600000, 0x000000008c600000|100%| E|CS|TAMS 0x000000008c500000, 0x000000008c500000| Complete 
| 121|0x000000008df00000, 0x000000008e000000, 0x000000008e000000|100%| E|CS|TAMS 0x000000008df00000, 0x000000008df00000| Complete 

Card table byte_map: [0x0000017baf2f0000,0x0000017baf6c0000] _byte_map_base: 0x0000017baeebd000

Marking Bits (Prev, Next): (CMBitMap*) 0x0000017ba46411a0, (CMBitMap*) 0x0000017ba46411e0
 Prev Bits: [0x0000017bafa90000, 0x0000017bb18f8000)
 Next Bits: [0x0000017bb1900000, 0x0000017bb3768000)

Polling page: 0x0000017ba2590000

Metaspace:

Usage:
  Non-class:     42.14 MB used.
      Class:      6.94 MB used.
       Both:     49.08 MB used.

Virtual space:
  Non-class space:       48.00 MB reserved,      42.31 MB ( 88%) committed,  6 nodes.
      Class space:        1.00 GB reserved,       7.12 MB ( <1%) committed,  1 nodes.
             Both:        1.05 GB reserved,      49.44 MB (  5%) committed. 

Chunk freelists:
   Non-Class:  1.36 MB
       Class:  745.00 KB
        Both:  2.08 MB

MaxMetaspaceSize: unlimited
CompressedClassSpaceSize: 1.00 GB
Initial GC threshold: 21.00 MB
Current GC threshold: 58.75 MB
CDS: on
MetaspaceReclaimPolicy: balanced
 - commit_granule_bytes: 65536.
 - commit_granule_words: 8192.
 - virtual_space_node_default_size: 1048576.
 - enlarge_chunks_in_place: 1.
 - new_chunks_are_fully_committed: 0.
 - uncommit_free_chunks: 1.
 - use_allocation_guard: 0.
 - handle_deallocations: 1.


Internal statistics:

num_allocs_failed_limit: 6.
num_arena_births: 410.
num_arena_deaths: 0.
num_vsnodes_births: 7.
num_vsnodes_deaths: 0.
num_space_committed: 791.
num_space_uncommitted: 0.
num_chunks_returned_to_freelist: 6.
num_chunks_taken_from_freelist: 2192.
num_chunk_merges: 6.
num_chunk_splits: 1570.
num_chunks_enlarged: 1227.
num_purges: 0.
num_inconsistent_stats: 0.

CodeCache: size=49152Kb used=10539Kb max_used=12061Kb free=38612Kb
 bounds [0x0000017babe10000, 0x0000017baca30000, 0x0000017baee10000]
 total_blobs=6528 nmethods=5909 adapters=545
 compilation: enabled
              stopped_count=0, restarted_count=0
 full_count=0

Compilation events (20 events):
Event: 14252.446 Thread 0x0000017bb6144c70 5901       1       java.util.Collections::newSetFromMap (9 bytes)
Event: 14252.452 Thread 0x0000017bb6144c70 nmethod 5901 0x0000017bac104590 code [0x0000017bac104720, 0x0000017bac104848]
Event: 14252.452 Thread 0x0000017bb6144c70 5902       1       java.util.Collections$SetFromMap::<init> (39 bytes)
Event: 14252.460 Thread 0x0000017bb6144c70 nmethod 5902 0x0000017bac104010 code [0x0000017bac1041e0, 0x0000017bac104468]
Event: 14252.538 Thread 0x0000017bb6144c70 5903   !   1       com.mysql.cj.jdbc.ConnectionImpl::setNetworkTimeout (90 bytes)
Event: 14252.637 Thread 0x0000017bb6144c70 nmethod 5903 0x0000017bac103490 code [0x0000017bac1036a0, 0x0000017bac103ba8]
Event: 14254.542 Thread 0x0000017bb6144c70 5910       1       com.zaxxer.hikari.pool.PoolBase::setNetworkTimeout (21 bytes)
Event: 14254.547 Thread 0x0000017bb6144c70 nmethod 5910 0x0000017bac103190 code [0x0000017bac103320, 0x0000017bac103428]
Event: 14254.547 Thread 0x0000017bb6144c70 5911   !   1       com.mysql.cj.jdbc.ConnectionImpl::getAutoCommit (37 bytes)
Event: 14254.549 Thread 0x0000017bb6144c70 nmethod 5911 0x0000017bac102b10 code [0x0000017bac102cc0, 0x0000017bac102f48]
Event: 14254.595 Thread 0x0000017bb6144c70 5912   !   1       sun.security.ssl.SSLCipher$T13GcmWriteCipherGenerator$GcmWriteCipher::dispose (20 bytes)
Event: 14254.599 Thread 0x0000017bb6144c70 nmethod 5912 0x0000017bac102610 code [0x0000017bac1027c0, 0x0000017bac102968]
Event: 14254.608 Thread 0x0000017bb6144c70 5913       1       com.mysql.cj.protocol.a.ColumnDefinitionReader::read (161 bytes)
Event: 14254.617 Thread 0x0000017bb6144c70 nmethod 5913 0x0000017bac101a10 code [0x0000017bac101c00, 0x0000017bac1021d8]
Event: 14254.617 Thread 0x0000017bb6144c70 5914       1       com.mysql.cj.protocol.a.result.ResultsetRowsStatic::next (5 bytes)
Event: 14254.618 Thread 0x0000017bb6144c70 nmethod 5914 0x0000017bac101710 code [0x0000017bac1018a0, 0x0000017bac101988]
Event: 14254.618 Thread 0x0000017bb6144c70 5915       1       com.mysql.cj.protocol.a.result.ResultsetRowsStatic::next (79 bytes)
Event: 14254.621 Thread 0x0000017bb6144c70 nmethod 5915 0x0000017bac101110 code [0x0000017bac101300, 0x0000017bac1015b8]
Event: 14303.471 Thread 0x0000017bb6144c70 5916       1       java.security.GeneralSecurityException::<init> (6 bytes)
Event: 14303.472 Thread 0x0000017bb6144c70 nmethod 5916 0x0000017bac100e10 code [0x0000017bac100fa0, 0x0000017bac101088]

GC Heap History (20 events):
Event: 3.335 GC heap before
{Heap before GC invocations=8 (full 0):
 garbage-first heap   total 65536K, used 43206K [0x0000000086600000, 0x0000000100000000)
  region size 1024K, 30 young (30720K), 1 survivors (1024K)
 Metaspace       used 35650K, committed 35968K, reserved 1081344K
  class space    used 4952K, committed 5120K, reserved 1048576K
}
Event: 3.337 GC heap after
{Heap after GC invocations=9 (full 0):
 garbage-first heap   total 65536K, used 17160K [0x0000000086600000, 0x0000000100000000)
  region size 1024K, 4 young (4096K), 4 survivors (4096K)
 Metaspace       used 35650K, committed 35968K, reserved 1081344K
  class space    used 4952K, committed 5120K, reserved 1048576K
}
Event: 3.699 GC heap before
{Heap before GC invocations=10 (full 0):
 garbage-first heap   total 65536K, used 46856K [0x0000000086600000, 0x0000000100000000)
  region size 1024K, 34 young (34816K), 4 survivors (4096K)
 Metaspace       used 39675K, committed 40000K, reserved 1089536K
  class space    used 5527K, committed 5696K, reserved 1048576K
}
Event: 3.702 GC heap after
{Heap after GC invocations=11 (full 0):
 garbage-first heap   total 65536K, used 18629K [0x0000000086600000, 0x0000000100000000)
  region size 1024K, 2 young (2048K), 2 survivors (2048K)
 Metaspace       used 39675K, committed 40000K, reserved 1089536K
  class space    used 5527K, committed 5696K, reserved 1048576K
}
Event: 3.718 GC heap before
{Heap before GC invocations=11 (full 0):
 garbage-first heap   total 65536K, used 19653K [0x0000000086600000, 0x0000000100000000)
  region size 1024K, 3 young (3072K), 2 survivors (2048K)
 Metaspace       used 39920K, committed 40256K, reserved 1089536K
  class space    used 5557K, committed 5696K, reserved 1048576K
}
Event: 3.720 GC heap after
{Heap after GC invocations=12 (full 0):
 garbage-first heap   total 65536K, used 18993K [0x0000000086600000, 0x0000000100000000)
  region size 1024K, 1 young (1024K), 1 survivors (1024K)
 Metaspace       used 39920K, committed 40256K, reserved 1089536K
  class space    used 5557K, committed 5696K, reserved 1048576K
}
Event: 4.460 GC heap before
{Heap before GC invocations=12 (full 0):
 garbage-first heap   total 65536K, used 48689K [0x0000000086600000, 0x0000000100000000)
  region size 1024K, 30 young (30720K), 1 survivors (1024K)
 Metaspace       used 45680K, committed 45952K, reserved 1089536K
  class space    used 6460K, committed 6592K, reserved 1048576K
}
Event: 4.462 GC heap after
{Heap after GC invocations=13 (full 0):
 garbage-first heap   total 65536K, used 20371K [0x0000000086600000, 0x0000000100000000)
  region size 1024K, 2 young (2048K), 2 survivors (2048K)
 Metaspace       used 45680K, committed 45952K, reserved 1089536K
  class space    used 6460K, committed 6592K, reserved 1048576K
}
Event: 4.866 GC heap before
{Heap before GC invocations=13 (full 0):
 garbage-first heap   total 65536K, used 50067K [0x0000000086600000, 0x0000000100000000)
  region size 1024K, 31 young (31744K), 2 survivors (2048K)
 Metaspace       used 49486K, committed 49792K, reserved 1097728K
  class space    used 7003K, committed 7104K, reserved 1048576K
}
Event: 4.870 GC heap after
{Heap after GC invocations=14 (full 0):
 garbage-first heap   total 65536K, used 22819K [0x0000000086600000, 0x0000000100000000)
  region size 1024K, 4 young (4096K), 4 survivors (4096K)
 Metaspace       used 49486K, committed 49792K, reserved 1097728K
  class space    used 7003K, committed 7104K, reserved 1048576K
}
Event: 1781.667 GC heap before
{Heap before GC invocations=14 (full 0):
 garbage-first heap   total 65536K, used 50467K [0x0000000086600000, 0x0000000100000000)
  region size 1024K, 31 young (31744K), 4 survivors (4096K)
 Metaspace       used 50237K, committed 50624K, reserved 1097728K
  class space    used 7103K, committed 7296K, reserved 1048576K
}
Event: 1781.712 GC heap after
{Heap after GC invocations=15 (full 0):
 garbage-first heap   total 65536K, used 24154K [0x0000000086600000, 0x0000000100000000)
  region size 1024K, 2 young (2048K), 2 survivors (2048K)
 Metaspace       used 50237K, committed 50624K, reserved 1097728K
  class space    used 7103K, committed 7296K, reserved 1048576K
}
Event: 4435.705 GC heap before
{Heap before GC invocations=15 (full 0):
 garbage-first heap   total 65536K, used 50778K [0x0000000086600000, 0x0000000100000000)
  region size 1024K, 28 young (28672K), 2 survivors (2048K)
 Metaspace       used 50254K, committed 50624K, reserved 1097728K
  class space    used 7106K, committed 7296K, reserved 1048576K
}
Event: 4435.713 GC heap after
{Heap after GC invocations=16 (full 0):
 garbage-first heap   total 65536K, used 24488K [0x0000000086600000, 0x0000000100000000)
  region size 1024K, 2 young (2048K), 2 survivors (2048K)
 Metaspace       used 50254K, committed 50624K, reserved 1097728K
  class space    used 7106K, committed 7296K, reserved 1048576K
}
Event: 7128.313 GC heap before
{Heap before GC invocations=16 (full 0):
 garbage-first heap   total 65536K, used 52136K [0x0000000086600000, 0x0000000100000000)
  region size 1024K, 29 young (29696K), 2 survivors (2048K)
 Metaspace       used 50254K, committed 50624K, reserved 1097728K
  class space    used 7106K, committed 7296K, reserved 1048576K
}
Event: 7128.354 GC heap after
{Heap after GC invocations=17 (full 0):
 garbage-first heap   total 65536K, used 24928K [0x0000000086600000, 0x0000000100000000)
  region size 1024K, 3 young (3072K), 3 survivors (3072K)
 Metaspace       used 50254K, committed 50624K, reserved 1097728K
  class space    used 7106K, committed 7296K, reserved 1048576K
}
Event: 10611.611 GC heap before
{Heap before GC invocations=17 (full 0):
 garbage-first heap   total 65536K, used 51552K [0x0000000086600000, 0x0000000100000000)
  region size 1024K, 29 young (29696K), 3 survivors (3072K)
 Metaspace       used 50255K, committed 50624K, reserved 1097728K
  class space    used 7106K, committed 7296K, reserved 1048576K
}
Event: 10611.645 GC heap after
{Heap after GC invocations=18 (full 0):
 garbage-first heap   total 65536K, used 25071K [0x0000000086600000, 0x0000000100000000)
  region size 1024K, 2 young (2048K), 2 survivors (2048K)
 Metaspace       used 50255K, committed 50624K, reserved 1097728K
  class space    used 7106K, committed 7296K, reserved 1048576K
}
Event: 12469.413 GC heap before
{Heap before GC invocations=18 (full 0):
 garbage-first heap   total 65536K, used 53743K [0x0000000086600000, 0x0000000100000000)
  region size 1024K, 30 young (30720K), 2 survivors (2048K)
 Metaspace       used 50255K, committed 50624K, reserved 1097728K
  class space    used 7106K, committed 7296K, reserved 1048576K
}
Event: 12469.426 GC heap after
{Heap after GC invocations=19 (full 0):
 garbage-first heap   total 65536K, used 25048K [0x0000000086600000, 0x0000000100000000)
  region size 1024K, 2 young (2048K), 2 survivors (2048K)
 Metaspace       used 50255K, committed 50624K, reserved 1097728K
  class space    used 7106K, committed 7296K, reserved 1048576K
}

Deoptimization events (18 events):
Event: 0.380 Thread 0x0000017ba4603a90 DEOPT PACKING pc=0x0000017bac1dda75 sp=0x000000685b9fd230
Event: 0.380 Thread 0x0000017ba4603a90 DEOPT UNPACKING pc=0x0000017babe66763 sp=0x000000685b9fc6a0 mode 3
Event: 0.848 Thread 0x0000017ba4603a90 DEOPT PACKING pc=0x0000017bac2fca99 sp=0x000000685b9fd280
Event: 0.848 Thread 0x0000017ba4603a90 DEOPT UNPACKING pc=0x0000017babe66763 sp=0x000000685b9fc760 mode 3
Event: 1.422 Thread 0x0000017ba4603a90 DEOPT PACKING pc=0x0000017bac350ea4 sp=0x000000685b9fd6b0
Event: 1.422 Thread 0x0000017ba4603a90 DEOPT UNPACKING pc=0x0000017babe66763 sp=0x000000685b9fcc08 mode 0
Event: 1.587 Thread 0x0000017ba4603a90 DEOPT PACKING pc=0x0000017bac4edc75 sp=0x000000685b9fccc0
Event: 1.587 Thread 0x0000017ba4603a90 DEOPT UNPACKING pc=0x0000017babe66763 sp=0x000000685b9fc130 mode 3
Event: 2.256 Thread 0x0000017ba4603a90 DEOPT PACKING pc=0x0000017bac328201 sp=0x000000685b9fe6f0
Event: 2.256 Thread 0x0000017ba4603a90 DEOPT UNPACKING pc=0x0000017babe66763 sp=0x000000685b9fdb80 mode 3
Event: 2.256 Thread 0x0000017bb8b78050 DEOPT PACKING pc=0x0000017bac304d17 sp=0x000000685d7ff030
Event: 2.256 Thread 0x0000017bb8b78050 DEOPT UNPACKING pc=0x0000017babe66763 sp=0x000000685d7fe488 mode 3
Event: 3.008 Thread 0x0000017ba4603a90 DEOPT PACKING pc=0x0000017bac5c541d sp=0x000000685b9fa3e0
Event: 3.008 Thread 0x0000017ba4603a90 DEOPT UNPACKING pc=0x0000017babe66763 sp=0x000000685b9f9948 mode 3
Event: 4.662 Thread 0x0000017ba4603a90 DEOPT PACKING pc=0x0000017bac366c22 sp=0x000000685b9fdd30
Event: 4.662 Thread 0x0000017ba4603a90 DEOPT UNPACKING pc=0x0000017babe66763 sp=0x000000685b9fd238 mode 3
Event: 3562.665 Thread 0x0000017bb96de220 DEOPT PACKING pc=0x0000017bac0b2763 sp=0x000000685b7fdbb0
Event: 3562.666 Thread 0x0000017bb96de220 DEOPT UNPACKING pc=0x0000017babe66763 sp=0x000000685b7fd040 mode 3

Classes unloaded (0 events):
No events

Classes redefined (0 events):
No events

Internal exceptions (20 events):
Event: 4.972 Thread 0x0000017ba4603a90 Exception <a 'java/lang/NoSuchMethodError'{0x0000000089444b80}: 'java.lang.Object java.lang.invoke.DirectMethodHandle$Holder.invokeSpecial(java.lang.Object, java.lang.Object, int, java.lang.Object, int, java.lang.Object)'> (0x0000000089444b80) 
thrown [t:\workspace\open\src\hotspot\share\interpreter\linkResolver.cpp, line 766]
Event: 4.973 Thread 0x0000017ba4603a90 Exception <a 'java/lang/NoSuchMethodError'{0x000000008944c980}: 'java.lang.Object java.lang.invoke.DirectMethodHandle$Holder.newInvokeSpecial(java.lang.Object, java.lang.Object, int, java.lang.Object, int)'> (0x000000008944c980) 
thrown [t:\workspace\open\src\hotspot\share\interpreter\linkResolver.cpp, line 766]
Event: 4.973 Thread 0x0000017ba4603a90 Exception <a 'java/lang/NoSuchMethodError'{0x0000000089450a80}: 'java.lang.Object java.lang.invoke.DirectMethodHandle$Holder.invokeSpecial(java.lang.Object, java.lang.Object, java.lang.Object, int, java.lang.Object, int)'> (0x0000000089450a80) 
thrown [t:\workspace\open\src\hotspot\share\interpreter\linkResolver.cpp, line 766]
Event: 4.974 Thread 0x0000017ba4603a90 Exception <a 'java/lang/NoSuchMethodError'{0x000000008945a5f0}: 'void java.lang.invoke.DirectMethodHandle$Holder.invokeVirtual(java.lang.Object, java.lang.Object)'> (0x000000008945a5f0) 
thrown [t:\workspace\open\src\hotspot\share\interpreter\linkResolver.cpp, line 766]
Event: 1760.185 Thread 0x0000017bb96de220 Exception <a 'java/io/IOException'{0x00000000892e4210}> (0x00000000892e4210) 
thrown [t:\workspace\open\src\hotspot\share\prims\jni.cpp, line 516]
Event: 1760.187 Thread 0x0000017bb96de220 Exception <a 'java/io/IOException'{0x00000000892e4e38}> (0x00000000892e4e38) 
thrown [t:\workspace\open\src\hotspot\share\prims\jni.cpp, line 516]
Event: 3524.428 Thread 0x0000017bb96df090 Exception <a 'java/net/SocketException'{0x0000000089cefdb8}: Connection reset by peer: shutdown> (0x0000000089cefdb8) 
thrown [t:\workspace\open\src\hotspot\share\prims\jni.cpp, line 535]
Event: 3540.835 Thread 0x0000017bb96debc0 Exception <a 'java/io/IOException'{0x0000000089a89750}> (0x0000000089a89750) 
thrown [t:\workspace\open\src\hotspot\share\prims\jni.cpp, line 516]
Event: 3540.835 Thread 0x0000017bb96debc0 Exception <a 'java/io/IOException'{0x0000000089a8a298}> (0x0000000089a8a298) 
thrown [t:\workspace\open\src\hotspot\share\prims\jni.cpp, line 516]
Event: 3565.087 Thread 0x0000017bb96dfa30 Exception <a 'java/io/IOException'{0x00000000894afcf0}> (0x00000000894afcf0) 
thrown [t:\workspace\open\src\hotspot\share\prims\jni.cpp, line 516]
Event: 7060.160 Thread 0x0000017bb96dca10 Exception <a 'java/net/SocketException'{0x000000008944d440}: Connection reset by peer: shutdown> (0x000000008944d440) 
thrown [t:\workspace\open\src\hotspot\share\prims\jni.cpp, line 535]
Event: 8839.910 Thread 0x0000017bb96df090 Exception <a 'java/net/SocketException'{0x000000008bf43c18}: Connection reset by peer: shutdown> (0x000000008bf43c18) 
thrown [t:\workspace\open\src\hotspot\share\prims\jni.cpp, line 535]
Event: 12369.255 Thread 0x0000017bb96de220 Exception <a 'java/io/IOException'{0x00000000897a72f0}> (0x00000000897a72f0) 
thrown [t:\workspace\open\src\hotspot\share\prims\jni.cpp, line 516]
Event: 12369.258 Thread 0x0000017bb96de220 Exception <a 'java/io/IOException'{0x00000000897a7e38}> (0x00000000897a7e38) 
thrown [t:\workspace\open\src\hotspot\share\prims\jni.cpp, line 516]
Event: 12464.653 Thread 0x0000017bb96debc0 Exception <a 'java/io/IOException'{0x0000000088d53c08}> (0x0000000088d53c08) 
thrown [t:\workspace\open\src\hotspot\share\prims\jni.cpp, line 516]
Event: 12464.654 Thread 0x0000017bb96debc0 Exception <a 'java/io/IOException'{0x0000000088d54750}> (0x0000000088d54750) 
thrown [t:\workspace\open\src\hotspot\share\prims\jni.cpp, line 516]
Event: 12469.234 Thread 0x0000017bb96debc0 Exception <a 'java/io/IOException'{0x0000000088d57010}> (0x0000000088d57010) 
thrown [t:\workspace\open\src\hotspot\share\prims\jni.cpp, line 516]
Event: 12469.234 Thread 0x0000017bb96debc0 Exception <a 'java/io/IOException'{0x0000000088d57b58}> (0x0000000088d57b58) 
thrown [t:\workspace\open\src\hotspot\share\prims\jni.cpp, line 516]
Event: 12469.405 Thread 0x0000017bb96debc0 Exception <a 'java/net/SocketException'{0x0000000088d5a8e8}: Connection reset by peer: shutdown> (0x0000000088d5a8e8) 
thrown [t:\workspace\open\src\hotspot\share\prims\jni.cpp, line 535]
Event: 14233.887 Thread 0x0000017bb96debc0 Exception <a 'java/net/SocketException'{0x0000000089cefc80}: Connection reset by peer: shutdown> (0x0000000089cefc80) 
thrown [t:\workspace\open\src\hotspot\share\prims\jni.cpp, line 535]

VM Operations (20 events):
Event: 12532.049 Executing VM operation: Cleanup
Event: 12532.049 Executing VM operation: Cleanup done
Event: 14139.247 Executing VM operation: Cleanup
Event: 14139.255 Executing VM operation: Cleanup done
Event: 14177.600 Executing VM operation: Cleanup
Event: 14177.601 Executing VM operation: Cleanup done
Event: 14188.700 Executing VM operation: Cleanup
Event: 14188.700 Executing VM operation: Cleanup done
Event: 14222.024 Executing VM operation: Cleanup
Event: 14222.025 Executing VM operation: Cleanup done
Event: 14234.143 Executing VM operation: Cleanup
Event: 14234.144 Executing VM operation: Cleanup done
Event: 14242.223 Executing VM operation: Cleanup
Event: 14242.223 Executing VM operation: Cleanup done
Event: 14247.268 Executing VM operation: Cleanup
Event: 14247.268 Executing VM operation: Cleanup done
Event: 14253.314 Executing VM operation: Cleanup
Event: 14253.314 Executing VM operation: Cleanup done
Event: 14255.334 Executing VM operation: Cleanup
Event: 14255.334 Executing VM operation: Cleanup done

Events (20 events):
Event: 14193.338 Thread 0x0000017bb96debc0 Thread exited: 0x0000017bb96debc0
Event: 14193.400 Thread 0x0000017bb96dd880 Thread exited: 0x0000017bb96dd880
Event: 14221.110 Thread 0x0000017bb96dc070 Thread added: 0x0000017bb96dc070
Event: 14221.111 Thread 0x0000017bb96de220 Thread added: 0x0000017bb96de220
Event: 14226.128 Thread 0x0000017bb96dc070 Thread exited: 0x0000017bb96dc070
Event: 14226.175 Thread 0x0000017bb96de220 Thread exited: 0x0000017bb96de220
Event: 14233.879 Thread 0x0000017bb96debc0 Thread added: 0x0000017bb96debc0
Event: 14233.879 Thread 0x0000017bb96dd3b0 Thread added: 0x0000017bb96dd3b0
Event: 14238.899 Thread 0x0000017bb96debc0 Thread exited: 0x0000017bb96debc0
Event: 14238.929 Thread 0x0000017bb96dd3b0 Thread exited: 0x0000017bb96dd3b0
Event: 14241.666 Thread 0x0000017bb96debc0 Thread added: 0x0000017bb96debc0
Event: 14241.666 Thread 0x0000017bb96dd880 Thread added: 0x0000017bb96dd880
Event: 14251.520 Thread 0x0000017bb96debc0 Thread exited: 0x0000017bb96debc0
Event: 14251.550 Thread 0x0000017bb96dd880 Thread exited: 0x0000017bb96dd880
Event: 14252.418 Thread 0x0000017bb96dca10 Thread added: 0x0000017bb96dca10
Event: 14252.420 Thread 0x0000017bb96df090 Thread added: 0x0000017bb96df090
Event: 14259.564 Thread 0x0000017bb96dca10 Thread exited: 0x0000017bb96dca10
Event: 14259.622 Thread 0x0000017bb96df090 Thread exited: 0x0000017bb96df090
Event: 14303.466 Thread 0x0000017bb96df090 Thread added: 0x0000017bb96df090
Event: 14303.467 Thread 0x0000017bb96dc070 Thread added: 0x0000017bb96dc070


Dynamic libraries:
0x00007ff776d80000 - 0x00007ff776d90000 	C:\Program Files\Java\jdk-17.0.1\bin\java.exe
0x00007ff8b03d0000 - 0x00007ff8b05c5000 	C:\windows\SYSTEM32\ntdll.dll
0x00007ff8af430000 - 0x00007ff8af4ee000 	C:\windows\System32\KERNEL32.DLL
0x00007ff8ade20000 - 0x00007ff8ae0e8000 	C:\windows\System32\KERNELBASE.dll
0x00007ff8adbc0000 - 0x00007ff8adcc0000 	C:\windows\System32\ucrtbase.dll
0x00007ff8a7da0000 - 0x00007ff8a7db8000 	C:\Program Files\Java\jdk-17.0.1\bin\jli.dll
0x00007ff8a94f0000 - 0x00007ff8a950a000 	C:\Program Files\Java\jdk-17.0.1\bin\VCRUNTIME140.dll
0x00007ff8b01e0000 - 0x00007ff8b028c000 	C:\windows\System32\ADVAPI32.dll
0x00007ff8ae5a0000 - 0x00007ff8ae63e000 	C:\windows\System32\msvcrt.dll
0x00007ff8af330000 - 0x00007ff8af3cb000 	C:\windows\System32\sechost.dll
0x00007ff8b0000000 - 0x00007ff8b012a000 	C:\windows\System32\RPCRT4.dll
0x00007ff8af180000 - 0x00007ff8af321000 	C:\windows\System32\USER32.dll
0x00007ff8adcc0000 - 0x00007ff8adce2000 	C:\windows\System32\win32u.dll
0x00007ff89c780000 - 0x00007ff89ca1a000 	C:\windows\WinSxS\amd64_microsoft.windows.common-controls_6595b64144ccf1df_6.0.19041.1110_none_60b5254171f9507e\COMCTL32.dll
0x00007ff8b0360000 - 0x00007ff8b038b000 	C:\windows\System32\GDI32.dll
0x00007ff8ae300000 - 0x00007ff8ae40d000 	C:\windows\System32\gdi32full.dll
0x00007ff8add20000 - 0x00007ff8addbd000 	C:\windows\System32\msvcp_win.dll
0x00007ff8a4c10000 - 0x00007ff8a4c1a000 	C:\windows\SYSTEM32\VERSION.dll
0x00007ff8aff40000 - 0x00007ff8aff70000 	C:\windows\System32\IMM32.DLL
0x00007ff8a95f0000 - 0x00007ff8a95fc000 	C:\Program Files\Java\jdk-17.0.1\bin\vcruntime140_1.dll
0x00007ff8852b0000 - 0x00007ff88533d000 	C:\Program Files\Java\jdk-17.0.1\bin\msvcp140.dll
0x00007ff861680000 - 0x00007ff86223e000 	C:\Program Files\Java\jdk-17.0.1\bin\server\jvm.dll
0x00007ff8afff0000 - 0x00007ff8afff8000 	C:\windows\System32\PSAPI.DLL
0x00007ff885ff0000 - 0x00007ff885ff9000 	C:\windows\SYSTEM32\WSOCK32.dll
0x00007ff885890000 - 0x00007ff8858b7000 	C:\windows\SYSTEM32\WINMM.dll
0x00007ff8b0290000 - 0x00007ff8b02fb000 	C:\windows\System32\WS2_32.dll
0x00007ff8ab970000 - 0x00007ff8ab982000 	C:\windows\SYSTEM32\kernel.appcore.dll
0x00007ff8a94e0000 - 0x00007ff8a94ea000 	C:\Program Files\Java\jdk-17.0.1\bin\jimage.dll
0x00007ff8a51a0000 - 0x00007ff8a5384000 	C:\windows\SYSTEM32\DBGHELP.DLL
0x00007ff89ba10000 - 0x00007ff89ba3c000 	C:\windows\SYSTEM32\dbgcore.DLL
0x00007ff8adae0000 - 0x00007ff8adb62000 	C:\windows\System32\bcryptPrimitives.dll
0x00007ff8a0660000 - 0x00007ff8a0685000 	C:\Program Files\Java\jdk-17.0.1\bin\java.dll
0x00007ff883d10000 - 0x00007ff883de6000 	C:\Program Files\Java\jdk-17.0.1\bin\svml.dll
0x00007ff8aea30000 - 0x00007ff8af174000 	C:\windows\System32\SHELL32.dll
0x00007ff8abb90000 - 0x00007ff8ac324000 	C:\windows\SYSTEM32\windows.storage.dll
0x00007ff8ae640000 - 0x00007ff8ae995000 	C:\windows\System32\combase.dll
0x00007ff8ad4c0000 - 0x00007ff8ad4ee000 	C:\windows\SYSTEM32\Wldp.dll
0x00007ff8b0130000 - 0x00007ff8b01dd000 	C:\windows\System32\SHCORE.dll
0x00007ff8af3d0000 - 0x00007ff8af425000 	C:\windows\System32\shlwapi.dll
0x00007ff8ada20000 - 0x00007ff8ada3f000 	C:\windows\SYSTEM32\profapi.dll
0x00007ff8a7d80000 - 0x00007ff8a7d99000 	C:\Program Files\Java\jdk-17.0.1\bin\net.dll
0x00007ff8a7a50000 - 0x00007ff8a7b5c000 	C:\windows\SYSTEM32\WINHTTP.dll
0x00007ff8ad1c0000 - 0x00007ff8ad22a000 	C:\windows\system32\mswsock.dll
0x00007ff8a0220000 - 0x00007ff8a0235000 	C:\Program Files\Java\jdk-17.0.1\bin\nio.dll
0x00007ff8949e0000 - 0x00007ff8949f8000 	C:\Program Files\Java\jdk-17.0.1\bin\zip.dll
0x00007ff8a7f00000 - 0x00007ff8a7f10000 	C:\Program Files\Java\jdk-17.0.1\bin\verify.dll
0x00007ff8949d0000 - 0x00007ff8949d9000 	C:\Program Files\Java\jdk-17.0.1\bin\management.dll
0x00007ff8949c0000 - 0x00007ff8949cb000 	C:\Program Files\Java\jdk-17.0.1\bin\management_ext.dll
0x00007ff88d300000 - 0x00007ff88d317000 	C:\windows\system32\napinsp.dll
0x00007ff88d2e0000 - 0x00007ff88d2fb000 	C:\windows\system32\pnrpnsp.dll
0x00007ff8a4d40000 - 0x00007ff8a4d55000 	C:\windows\system32\wshbth.dll
0x00007ff8a9490000 - 0x00007ff8a94ad000 	C:\windows\system32\NLAapi.dll
0x00007ff8aceb0000 - 0x00007ff8aceeb000 	C:\windows\SYSTEM32\IPHLPAPI.DLL
0x00007ff8acef0000 - 0x00007ff8acfbb000 	C:\windows\SYSTEM32\DNSAPI.dll
0x00007ff8afe10000 - 0x00007ff8afe18000 	C:\windows\System32\NSI.dll
0x00007ff88d2c0000 - 0x00007ff88d2d2000 	C:\windows\System32\winrnr.dll
0x00007ff8a4b50000 - 0x00007ff8a4b5a000 	C:\Windows\System32\rasadhlp.dll
0x00007ff8a0890000 - 0x00007ff8a090f000 	C:\windows\System32\fwpuclnt.dll
0x00007ff8adcf0000 - 0x00007ff8add17000 	C:\windows\System32\bcrypt.dll
0x00007ff8ad410000 - 0x00007ff8ad428000 	C:\windows\SYSTEM32\CRYPTSP.dll
0x00007ff8acb10000 - 0x00007ff8acb44000 	C:\windows\system32\rsaenh.dll
0x00007ff8ad9a0000 - 0x00007ff8ad9ce000 	C:\windows\SYSTEM32\USERENV.dll
0x00007ff8ad430000 - 0x00007ff8ad43c000 	C:\windows\SYSTEM32\CRYPTBASE.dll
0x00007ff8a2e10000 - 0x00007ff8a2e27000 	C:\windows\SYSTEM32\dhcpcsvc6.DLL
0x00007ff8a3ab0000 - 0x00007ff8a3acd000 	C:\windows\SYSTEM32\dhcpcsvc.DLL
0x00007ff894920000 - 0x00007ff89492e000 	C:\Program Files\Java\jdk-17.0.1\bin\sunmscapi.dll
0x00007ff8ae1a0000 - 0x00007ff8ae2f6000 	C:\windows\System32\CRYPT32.dll
0x00007ff8ad530000 - 0x00007ff8ad557000 	C:\windows\SYSTEM32\ncrypt.dll
0x00007ff8ad4f0000 - 0x00007ff8ad52b000 	C:\windows\SYSTEM32\NTASN1.dll
0x00007ff8948f0000 - 0x00007ff8948f7000 	C:\windows\system32\wshunix.dll

dbghelp: loaded successfully - version: 4.0.5 - missing functions: none
symbol engine: initialized successfully - sym options: 0x614 - pdb path: .;C:\Program Files\Java\jdk-17.0.1\bin;C:\windows\SYSTEM32;C:\windows\WinSxS\amd64_microsoft.windows.common-controls_6595b64144ccf1df_6.0.19041.1110_none_60b5254171f9507e;C:\Program Files\Java\jdk-17.0.1\bin\server

VM Arguments:
jvm_args: -XX:TieredStopAtLevel=1 --add-opens=java.base/java.lang=ALL-UNNAMED 
java_command: ch.zhaw.projectX.Main
java_class_path (initial): C:\Users\yanic\git\ProjectX---Yanick\target\classes;C:\Users\yanic\.m2\repository\org\springframework\boot\spring-boot\2.6.1\spring-boot-2.6.1.jar;C:\Users\yanic\.m2\repository\org\springframework\spring-context\5.3.13\spring-context-5.3.13.jar;C:\Users\yanic\.m2\repository\org\springframework\boot\spring-boot-autoconfigure\2.6.1\spring-boot-autoconfigure-2.6.1.jar;C:\Users\yanic\.m2\repository\ch\qos\logback\logback-classic\1.2.7\logback-classic-1.2.7.jar;C:\Users\yanic\.m2\repository\ch\qos\logback\logback-core\1.2.7\logback-core-1.2.7.jar;C:\Users\yanic\.m2\repository\org\apache\logging\log4j\log4j-to-slf4j\2.14.1\log4j-to-slf4j-2.14.1.jar;C:\Users\yanic\.m2\repository\org\apache\logging\log4j\log4j-api\2.14.1\log4j-api-2.14.1.jar;C:\Users\yanic\.m2\repository\org\slf4j\jul-to-slf4j\1.7.32\jul-to-slf4j-1.7.32.jar;C:\Users\yanic\.m2\repository\jakarta\annotation\jakarta.annotation-api\1.3.5\jakarta.annotation-api-1.3.5.jar;C:\Users\yanic\.m2\repository\org\springframework\spring-core\5.3.13\spring-core-5.3.13.jar;C:\Users\yanic\.m2\repository\org\springframework\spring-jcl\5.3.13\spring-jcl-5.3.13.jar;C:\Users\yanic\.m2\repository\org\yaml\snakeyaml\1.29\snakeyaml-1.29.jar;C:\Users\yanic\.m2\repository\com\fasterxml\jackson\core\jackson-databind\2.13.0\jackson-databind-2.13.0.jar;C:\Users\yanic\.m2\repository\com\fasterxml\jackson\core\jackson-annotations\2.13.0\jackson-annotations-2.13.0.jar;C:\Users\yanic\.m2\repository\com\fasterxml\jackson\core\jackson-core\2.13.0\jackson-core-2.13.0.jar;C:\Users\yanic\.m2\repository\com\fasterxml\jackson\datatype\jackson-datatype-jdk8\2.13.0\jackson-datatype-jdk8-2.13.0.jar;C:\Users\yanic\.m2\repository\com\fasterxml\jackson\datatype\jackson-datatype-jsr310\2.13.0\jackson-datatype-jsr310-2.13.0.jar;C:\Users\yanic\.m2\repository\com\fasterxml\jackson\module\jackson-module-parameter-names\2.13.0\jackson-module-parameter-names-2.13.0.jar;C:\Users\yanic\.m2\repository\org\apache\tomcat\embed\tomcat-em
Launcher Type: SUN_STANDARD

[Global flags]
     intx CICompilerCount                          = 4                                         {product} {ergonomic}
     uint ConcGCThreads                            = 2                                         {product} {ergonomic}
     uint G1ConcRefinementThreads                  = 8                                         {product} {ergonomic}
   size_t G1HeapRegionSize                         = 1048576                                   {product} {ergonomic}
    uintx GCDrainStackTargetSize                   = 64                                        {product} {ergonomic}
   size_t InitialHeapSize                          = 127926272                                 {product} {ergonomic}
   size_t MarkStackSize                            = 4194304                                   {product} {ergonomic}
   size_t MaxHeapSize                              = 2040528896                                {product} {ergonomic}
   size_t MaxNewSize                               = 1223688192                                {product} {ergonomic}
   size_t MinHeapDeltaBytes                        = 1048576                                   {product} {ergonomic}
   size_t MinHeapSize                              = 8388608                                   {product} {ergonomic}
    uintx NonProfiledCodeHeapSize                  = 0                                      {pd product} {ergonomic}
     bool ProfileInterpreter                       = false                                  {pd product} {command line}
    uintx ProfiledCodeHeapSize                     = 0                                      {pd product} {ergonomic}
   size_t SoftMaxHeapSize                          = 2040528896                             {manageable} {ergonomic}
     intx TieredStopAtLevel                        = 1                                         {product} {command line}
     bool UseCompressedClassPointers               = true                           {product lp64_product} {ergonomic}
     bool UseCompressedOops                        = true                           {product lp64_product} {ergonomic}
     bool UseG1GC                                  = true                                      {product} {ergonomic}
     bool UseLargePagesIndividualAllocation        = false                                  {pd product} {ergonomic}

Logging:
Log output configuration:
 #0: stdout all=warning uptime,level,tags
 #1: stderr all=off uptime,level,tags

Environment Variables:
PATH=C:/Users/yanic/.p2/pool/plugins/org.eclipse.justj.openjdk.hotspot.jre.full.win32.x86_64_17.0.1.v20211116-1657/jre/bin/server;C:/Users/yanic/.p2/pool/plugins/org.eclipse.justj.openjdk.hotspot.jre.full.win32.x86_64_17.0.1.v20211116-1657/jre/bin;C:\Program Files\Common Files\Oracle\Java\javapath;C:\windows\system32;C:\windows;C:\windows\System32\Wbem;C:\windows\System32\WindowsPowerShell\v1.0\;C:\windows\System32\OpenSSH\;C:\Program Files\nodejs\;C:\Program Files\Git\cmd;C:\Users\yanic\AppData\Local\Microsoft\WindowsApps;C:\Users\yanic\AppData\Local\atom\bin;C:\Users\yanic\AppData\Local\Programs\Microsoft VS Code\bin;C:\Users\yanic\AppData\Roaming\npm;C:\Users\yanic\eclipse\java-latest-released\eclipse;
USERNAME=yanic
OS=Windows_NT
PROCESSOR_IDENTIFIER=Intel64 Family 6 Model 126 Stepping 5, GenuineIntel



---------------  S Y S T E M  ---------------

OS:
 Windows 10 , 64 bit Build 19041 (10.0.19041.1348)
OS uptime: 7 days 20:23 hours
Hyper-V role detected

CPU: total 8 (initial active 8) (4 cores per cpu, 2 threads per core) family 6 model 126 stepping 5 microcode 0xa6, cx8, cmov, fxsr, ht, mmx, 3dnowpref, sse, sse2, sse3, ssse3, sse4.1, sse4.2, popcnt, lzcnt, tsc, tscinvbit, avx, avx2, aes, erms, clmul, bmi1, bmi2, adx, avx512f, avx512dq, avx512cd, avx512bw, avx512vl, sha, fma, vzeroupper, avx512_vpopcntdq, avx512_vpclmulqdq, avx512_vaes, avx512_vnni, clflush, clflushopt, avx512_vbmi2, avx512_vbmi, hv

Memory: 4k page, system-wide physical 7778M (1791M free)
TotalPageFile size 15431M (AvailPageFile size 2143M)
current process WorkingSet (physical memory assigned to process): 46M, peak: 183M
current process commit charge ("private bytes"): 224M, peak: 239M

vm_info: Java HotSpot(TM) 64-Bit Server VM (17.0.1+12-LTS-39) for windows-amd64 JRE (17.0.1+12-LTS-39), built on Sep 27 2021 18:41:35 by "mach5one" with MS VC++ 16.8 (VS2019)

END.
